<?xml version="1.0" encoding="utf-8" standalone="no"?>
<!--This file represents the results of running a test suite-->
<test-results name="C:\Users\admin\Desktop\user82\Test\GetAllProducts\GetAllProducts\bin\GetAllProducts.dll" total="1" errors="0" failures="1" not-run="0" inconclusive="0" ignored="0" skipped="0" invalid="0" date="2015-08-27" time="09:48:11">
  <environment nunit-version="2.6.4.14350" clr-version="2.0.50727.5485" os-version="Microsoft Windows NT 6.1.7601 Service Pack 1" platform="Win32NT" cwd="C:\Program Files (x86)\NUnit 2.6.4\bin" machine-name="ADMIN-PC" user="admin" user-domain="admin-PC" />
  <culture-info current-culture="en-IN" current-uiculture="en-US" />
  <test-suite type="Assembly" name="C:\Users\admin\Desktop\user82\Test\GetAllProducts\GetAllProducts\bin\GetAllProducts.dll" executed="True" result="Failure" success="False" time="0.657" asserts="0">
    <results>
      <test-suite type="Namespace" name="GetAllProducts" executed="True" result="Failure" success="False" time="0.643" asserts="0">
        <results>
          <test-suite type="TestFixture" name="TestDemo" executed="True" result="Failure" success="False" time="0.641" asserts="0">
            <results>
              <test-case name="GetAllProducts.TestDemo.Test1" executed="True" result="Failure" success="False" time="0.624" asserts="1">
                <failure>
                  <message><![CDATA[  The list is empty!!!
  Expected: <empty>
  But was:  < <GetAllProducts.ProductClass>, <GetAllProducts.ProductClass>, <GetAllProducts.ProductClass>, <GetAllProducts.ProductClass>, <GetAllProducts.ProductClass>, <GetAllProducts.ProductClass>, <GetAllProducts.ProductClass>, <GetAllProducts.ProductClass>, <GetAllProducts.ProductClass>, <GetAllProducts.ProductClass>... >
]]></message>
                  <stack-trace><![CDATA[at GetAllProducts.TestDemo.Test1() in C:\Users\admin\Desktop\user82\Test\GetAllProducts\GetAllProducts\TestDemo.cs:line 20
]]></stack-trace>
                </failure>
              </test-case>
            </results>
          </test-suite>
        </results>
      </test-suite>
    </results>
  </test-suite>
</test-results>