<?xml version="1.0" encoding="utf-8" standalone="no"?>
<!--This file represents the results of running a test suite-->
<test-results name="C:\Users\admin\Desktop\user82\Test\GetAllProducts\GetAllProducts\bin\GetAllProducts.dll" total="1" errors="0" failures="0" not-run="0" inconclusive="0" ignored="0" skipped="0" invalid="0" date="2015-08-28" time="11:23:22">
  <environment nunit-version="2.6.4.14350" clr-version="2.0.50727.5485" os-version="Microsoft Windows NT 6.1.7601 Service Pack 1" platform="Win32NT" cwd="C:\Program Files (x86)\NUnit 2.6.4\bin" machine-name="ADMIN-PC" user="admin" user-domain="admin-PC" />
  <culture-info current-culture="en-IN" current-uiculture="en-US" />
  <test-suite type="Assembly" name="C:\Users\admin\Desktop\user82\Test\GetAllProducts\GetAllProducts\bin\GetAllProducts.dll" executed="True" result="Success" success="True" time="0.007" asserts="0">
    <results>
      <test-suite type="Namespace" name="GetAllProducts" executed="True" result="Success" success="True" time="0.006" asserts="0">
        <results>
          <test-suite type="TestFixture" name="GetProductsByServiceIDTest" executed="True" result="Success" success="True" time="0.003" asserts="0">
            <results>
              <test-suite type="ParameterizedTest" name="WrongArguementFormatTest" executed="True" result="Success" success="True" time="0.002" asserts="0">
                <results>
                  <test-case name="GetAllProducts.GetProductsByServiceIDTest.WrongArguementFormatTest(&quot;2&quot;,1)" executed="True" result="Success" success="True" time="0.001" asserts="0" />
                </results>
              </test-suite>
            </results>
          </test-suite>
        </results>
      </test-suite>
    </results>
  </test-suite>
</test-results>